[ 50%] [32mBuilding CXX object CMakeFiles/kf_node.dir/src/kf.cpp.o[0m
[ 75%] Built target pf_node
[01m[K/home/apo/ProLab/src/kf.cpp:[m[K In function â€˜[01m[Kint[01;32m[K main[m[K(int, char**)[m[Kâ€™:
[01m[K/home/apo/ProLab/src/kf.cpp:152:13:[m[K [01;31m[Kerror: [m[Kâ€˜[01m[Ksh[m[Kâ€™ is not a member of â€˜[01m[Krclcpp[m[Kâ€™
  152 |     rclcpp::[01;31m[Ksh[m[K
      |             [01;31m[K^~[m[K
[01m[K/home/apo/ProLab/src/kf.cpp:152:15:[m[K [01;31m[Kerror: [m[Kexpected â€˜[01m[K}[m[Kâ€™ at end of input
  152 |     rclcpp::sh
      |               [01;31m[K^[m[K
[01m[K/home/apo/ProLab/src/kf.cpp:149:34:[m[K [01;36m[Knote: [m[Kto match this â€˜[01m[K{[m[Kâ€™
  149 | int main(int argc, char* argv[]) [01;36m[K{[m[K
      |                                  [01;36m[K^[m[K
gmake[2]: *** [CMakeFiles/kf_node.dir/build.make:76: CMakeFiles/kf_node.dir/src/kf.cpp.o] Error 1
gmake[1]: *** [CMakeFiles/Makefile2:165: CMakeFiles/kf_node.dir/all] Error 2
gmake: *** [Makefile:146: all] Error 2
