[0.018s] Invoking command in '/home/apo/turtlebot3_localization_project/build/turtlebot3_localization': CMAKE_PREFIX_PATH=${CMAKE_PREFIX_PATH}:/opt/ros/jazzy DEBUGINFOD_URLS=https://debuginfod.ubuntu.com /usr/bin/cmake --build /home/apo/turtlebot3_localization_project/build/turtlebot3_localization -- -j12 -l12
[0.123s] [ 50%] Built target main_filter_node
[0.142s] [ 83%] [32mBuilding CXX object CMakeFiles/ekf_node.dir/src/extended_kalman_filter.cpp.o[0m
[0.142s] [ 83%] [32mBuilding CXX object CMakeFiles/ekf_node.dir/src/ekf_node.cpp.o[0m
[0.771s] [01m[K/home/apo/turtlebot3_localization_project/src/extended_kalman_filter.cpp:2:10:[m[K [01;31m[Kfatal error: [m[Ktf2/LinearMath/Quaternion.h: No such file or directory
[0.771s]     2 | #include [01;31m[K<tf2/LinearMath/Quaternion.h>[m[K
[0.771s]       |          [01;31m[K^~~~~~~~~~~~~~~~~~~~~~~~~~~~~[m[K
[0.772s] compilation terminated.
[0.782s] gmake[2]: *** [CMakeFiles/ekf_node.dir/build.make:90: CMakeFiles/ekf_node.dir/src/extended_kalman_filter.cpp.o] Error 1
[0.782s] gmake[2]: *** Waiting for unfinished jobs....
[4.217s] [01m[K/home/apo/turtlebot3_localization_project/src/ekf_node.cpp:[m[K In member function â€˜[01m[Kvoid EKFNode::[01;32m[KsensorCallback[m[K(sensor_msgs::msg::Imu_<std::allocator<void> >::ConstSharedPtr, sensor_msgs::msg::JointState_<std::allocator<void> >::ConstSharedPtr)[m[Kâ€™:
[4.217s] [01m[K/home/apo/turtlebot3_localization_project/src/ekf_node.cpp:62:22:[m[K [01;31m[Kerror: [m[Kno matching function for call to â€˜[01m[KExtendedKalmanFilter::predict(double&)[m[Kâ€™
[4.217s]    62 |         [01;31m[Kekf_->predict(dt)[m[K;
[4.217s]       |         [01;31m[K~~~~~~~~~~~~~^~~~[m[K
[4.217s] In file included from [01m[K/home/apo/turtlebot3_localization_project/src/ekf_node.cpp:9[m[K:
[4.218s] [01m[K/home/apo/turtlebot3_localization_project/include/turtlebot3_localization/extended_kalman_filter.hpp:12:8:[m[K [01;36m[Knote: [m[Kcandidate: â€˜[01m[Kvoid ExtendedKalmanFilter::[01;32m[Kpredict[m[K(const rclcpp::Time&, double)[m[Kâ€™
[4.218s]    12 |   void [01;36m[Kpredict[m[K(const rclcpp::Time& now, double dt);
[4.218s]       |        [01;36m[K^~~~~~~[m[K
[4.218s] [01m[K/home/apo/turtlebot3_localization_project/include/turtlebot3_localization/extended_kalman_filter.hpp:12:8:[m[K [01;36m[Knote: [m[K  candidate expects 2 arguments, 1 provided
[8.770s] gmake[2]: *** [CMakeFiles/ekf_node.dir/build.make:76: CMakeFiles/ekf_node.dir/src/ekf_node.cpp.o] Error 1
[8.771s] gmake[1]: *** [CMakeFiles/Makefile2:165: CMakeFiles/ekf_node.dir/all] Error 2
[8.771s] gmake: *** [Makefile:146: all] Error 2
[8.775s] Invoked command in '/home/apo/turtlebot3_localization_project/build/turtlebot3_localization' returned '2': CMAKE_PREFIX_PATH=${CMAKE_PREFIX_PATH}:/opt/ros/jazzy DEBUGINFOD_URLS=https://debuginfod.ubuntu.com /usr/bin/cmake --build /home/apo/turtlebot3_localization_project/build/turtlebot3_localization -- -j12 -l12
