[0.013s] Invoking command in '/home/apo/turtlebot3_localization_project/build/turtlebot3_localization': CMAKE_PREFIX_PATH=${CMAKE_PREFIX_PATH}:/opt/ros/jazzy DEBUGINFOD_URLS=https://debuginfod.ubuntu.com /usr/bin/cmake --build /home/apo/turtlebot3_localization_project/build/turtlebot3_localization -- -j12 -l12
[0.076s] [ 40%] Built target particle_filter_node
[0.082s] [ 60%] [32mBuilding CXX object CMakeFiles/kf_node.dir/src/kf.cpp.o[0m
[0.083s] [ 80%] [32mBuilding CXX object CMakeFiles/kf_node.dir/src/kf_node.cpp.o[0m
[2.466s] [01m[K/home/apo/turtlebot3_localization_project/src/kf_node.cpp:9:7:[m[K [01;31m[Kerror: [m[Kredefinition of â€˜[01m[Kclass KalmanFilterNode[m[Kâ€™
[2.466s]     9 | class [01;31m[KKalmanFilterNode[m[K : public rclcpp::Node {
[2.466s]       |       [01;31m[K^~~~~~~~~~~~~~~~[m[K
[2.466s] In file included from [01m[K/home/apo/turtlebot3_localization_project/src/kf_node.cpp:1[m[K:
[2.466s] [01m[K/home/apo/turtlebot3_localization_project/include/turtlebot3_localization/kf.hpp:13:7:[m[K [01;36m[Knote: [m[Kprevious definition of â€˜[01m[Kclass KalmanFilterNode[m[Kâ€™
[2.466s]    13 | class [01;36m[KKalmanFilterNode[m[K : public rclcpp::Node {
[2.466s]       |       [01;36m[K^~~~~~~~~~~~~~~~[m[K
[2.487s] [01m[K/home/apo/turtlebot3_localization_project/src/kf.cpp:[m[K In constructor â€˜[01m[KKalmanFilterNode::[01;32m[KKalmanFilterNode[m[K()[m[Kâ€™:
[2.487s] [01m[K/home/apo/turtlebot3_localization_project/src/kf.cpp:9:30:[m[K [01;31m[Kerror: [m[Kâ€˜[01m[KSync[m[Kâ€™ was not declared in this scope; did you mean â€˜[01m[Ksync[m[Kâ€™?
[2.487s]     9 |     sync_ = std::make_shared<[01;31m[KSync[m[K>(Sync(10), imu_sub_, joint_sub_);
[2.487s]       |                              [01;31m[K^~~~[m[K
[2.487s]       |                              [32m[Ksync[m[K
[2.677s] [01m[K/home/apo/turtlebot3_localization_project/src/kf.cpp:[m[K In member function â€˜[01m[Kvoid KalmanFilterNode::[01;32m[Kpublish[m[K()[m[Kâ€™:
[2.677s] [01m[K/home/apo/turtlebot3_localization_project/src/kf.cpp:100:5:[m[K [01;31m[Kerror: [m[Kâ€˜[01m[Ktf2[m[Kâ€™ has not been declared
[2.677s]   100 |     [01;31m[Ktf2[m[K::Quaternion q;
[2.678s]       |     [01;31m[K^~~[m[K
[2.683s] [01m[K/home/apo/turtlebot3_localization_project/src/kf.cpp:101:5:[m[K [01;31m[Kerror: [m[Kâ€˜[01m[Kq[m[Kâ€™ was not declared in this scope
[2.683s]   101 |     [01;31m[Kq[m[K.setRPY(0, 0, x_(4));
[2.683s]       |     [01;31m[K^[m[K
[4.539s] gmake[2]: *** [CMakeFiles/kf_node.dir/build.make:90: CMakeFiles/kf_node.dir/src/kf_node.cpp.o] Error 1
[4.539s] gmake[2]: *** Waiting for unfinished jobs....
[7.746s] gmake[2]: *** [CMakeFiles/kf_node.dir/build.make:76: CMakeFiles/kf_node.dir/src/kf.cpp.o] Error 1
[7.746s] gmake[1]: *** [CMakeFiles/Makefile2:139: CMakeFiles/kf_node.dir/all] Error 2
[7.747s] gmake: *** [Makefile:146: all] Error 2
[7.749s] Invoked command in '/home/apo/turtlebot3_localization_project/build/turtlebot3_localization' returned '2': CMAKE_PREFIX_PATH=${CMAKE_PREFIX_PATH}:/opt/ros/jazzy DEBUGINFOD_URLS=https://debuginfod.ubuntu.com /usr/bin/cmake --build /home/apo/turtlebot3_localization_project/build/turtlebot3_localization -- -j12 -l12
